Build started 1/29/2016 3:16:18 PM.
     1>Project "C:\Users\Jeffrey\Documents\Visual Studio 2015\Projects\CS 32 Project 1\CS 32 Project 1\CS 32 Project 1.vcxproj" on node 2 (Rebuild target(s)).
     1>ClCompile:
         C:\Program Files (x86)\Microsoft Visual Studio 14.0\VC\bin\CL.exe /c /Zi /nologo /W3 /WX- /sdl /O2 /Oi /Oy- /GL /D _MBCS /Gm- /EHsc /MD /GS /Gy /fp:precise /Zc:wchar_t /Zc:forScope /Zc:inline /Fo"Release\\" /Fd"Release\vc140.pdb" /Gd /TP /analyze- /errorReport:prompt Arena.cpp Game.cpp History.cpp main.cpp Player.cpp Robot.cpp utilities.cpp
         Arena.cpp
         Game.cpp
         History.cpp
         main.cpp
         Player.cpp
         Robot.cpp
         utilities.cpp
       Link:
         C:\Program Files (x86)\Microsoft Visual Studio 14.0\VC\bin\link.exe /ERRORREPORT:PROMPT /OUT:"C:\Users\Jeffrey\Documents\Visual Studio 2015\Projects\CS 32 Project 1\Release\CS 32 Project 1.exe" /NOLOGO kernel32.lib user32.lib gdi32.lib winspool.lib comdlg32.lib advapi32.lib shell32.lib ole32.lib oleaut32.lib uuid.lib odbc32.lib odbccp32.lib /MANIFEST /MANIFESTUAC:"level='asInvoker' uiAccess='false'" /manifest:embed /Debug /PDB:"C:\Users\Jeffrey\Documents\Visual Studio 2015\Projects\CS 32 Project 1\Release\CS 32 Project 1.pdb" /OPT:REF /OPT:ICF /LTCG:incremental /TLBID:1 /DYNAMICBASE /NXCOMPAT /IMPLIB:"C:\Users\Jeffrey\Documents\Visual Studio 2015\Projects\CS 32 Project 1\Release\CS 32 Project 1.lib" /MACHINE:X86 /SAFESEH Release\Arena.obj
         Release\Game.obj
         Release\History.obj
         Release\main.obj
         Release\Player.obj
         Release\Robot.obj
         Release\utilities.obj
         Generating code
         All 154 functions were compiled because no usable IPDB/IOBJ from previous compilation was found.
         Finished generating code
         CS 32 Project 1.vcxproj -> C:\Users\Jeffrey\Documents\Visual Studio 2015\Projects\CS 32 Project 1\Release\CS 32 Project 1.exe
     1>Done Building Project "C:\Users\Jeffrey\Documents\Visual Studio 2015\Projects\CS 32 Project 1\CS 32 Project 1\CS 32 Project 1.vcxproj" (Rebuild target(s)).

Build succeeded.

Time Elapsed 00:00:12.69
